12:11:21.015 [main] TRACE io.netty.channel.nio.NioEventLoop - instrumented a special java.util.Set into: sun.nio.ch.WindowsSelectorImpl@46044faa
12:11:21.022 [main] TRACE io.netty.channel.nio.NioEventLoop - instrumented a special java.util.Set into: sun.nio.ch.WindowsSelectorImpl@261d8190
12:11:21.023 [main] TRACE io.netty.channel.nio.NioEventLoop - instrumented a special java.util.Set into: sun.nio.ch.WindowsSelectorImpl@34448e6c
12:11:21.024 [main] TRACE io.netty.channel.nio.NioEventLoop - instrumented a special java.util.Set into: sun.nio.ch.WindowsSelectorImpl@60e9df3c
12:11:21.025 [main] TRACE io.netty.channel.nio.NioEventLoop - instrumented a special java.util.Set into: sun.nio.ch.WindowsSelectorImpl@907f2b7
12:11:21.038 [main] TRACE io.netty.channel.nio.NioEventLoop - instrumented a special java.util.Set into: sun.nio.ch.WindowsSelectorImpl@435ce306
12:11:21.072 [main] DEBUG io.netty.buffer.PooledByteBufAllocator - -Dio.netty.allocator.numHeapArenas: 16
12:11:21.072 [main] DEBUG io.netty.buffer.PooledByteBufAllocator - -Dio.netty.allocator.numDirectArenas: 16
12:11:21.072 [main] DEBUG io.netty.buffer.PooledByteBufAllocator - -Dio.netty.allocator.pageSize: 8192
12:11:21.072 [main] DEBUG io.netty.buffer.PooledByteBufAllocator - -Dio.netty.allocator.maxOrder: 11
12:11:21.072 [main] DEBUG io.netty.buffer.PooledByteBufAllocator - -Dio.netty.allocator.chunkSize: 16777216
12:11:21.072 [main] DEBUG io.netty.buffer.PooledByteBufAllocator - -Dio.netty.allocator.smallCacheSize: 256
12:11:21.072 [main] DEBUG io.netty.buffer.PooledByteBufAllocator - -Dio.netty.allocator.normalCacheSize: 64
12:11:21.072 [main] DEBUG io.netty.buffer.PooledByteBufAllocator - -Dio.netty.allocator.maxCachedBufferCapacity: 32768
12:11:21.072 [main] DEBUG io.netty.buffer.PooledByteBufAllocator - -Dio.netty.allocator.cacheTrimInterval: 8192
12:11:21.072 [main] DEBUG io.netty.buffer.PooledByteBufAllocator - -Dio.netty.allocator.cacheTrimIntervalMillis: 0
12:11:21.072 [main] DEBUG io.netty.buffer.PooledByteBufAllocator - -Dio.netty.allocator.useCacheForAllThreads: true
12:11:21.073 [main] DEBUG io.netty.buffer.PooledByteBufAllocator - -Dio.netty.allocator.maxCachedByteBuffersPerChunk: 1023
12:11:21.089 [main] DEBUG io.netty.buffer.ByteBufUtil - -Dio.netty.allocator.type: pooled
12:11:21.089 [main] DEBUG io.netty.buffer.ByteBufUtil - -Dio.netty.threadLocalDirectBufferSize: 0
12:11:21.090 [main] DEBUG io.netty.buffer.ByteBufUtil - -Dio.netty.maxThreadLocalCharBufferSize: 16384
12:11:21.979 [Forwarding newSession on session null to remote] DEBUG io.netty.channel.DefaultChannelId - -Dio.netty.processId: 3856 (auto-detected)
12:11:21.981 [Forwarding newSession on session null to remote] DEBUG io.netty.util.NetUtil - -Djava.net.preferIPv4Stack: false
12:11:21.981 [Forwarding newSession on session null to remote] DEBUG io.netty.util.NetUtil - -Djava.net.preferIPv6Addresses: false
12:11:22.071 [Forwarding newSession on session null to remote] DEBUG io.netty.util.NetUtilInitializations - Loopback interface: lo (Software Loopback Interface 1, 127.0.0.1)
12:11:22.072 [Forwarding newSession on session null to remote] DEBUG io.netty.util.NetUtil - Failed to get SOMAXCONN from sysctl and file \proc\sys\net\core\somaxconn. Default: 200
12:11:22.163 [Forwarding newSession on session null to remote] DEBUG io.netty.channel.DefaultChannelId - -Dio.netty.machineId: 74:4c:a1:ff:fe:ad:cd:97 (auto-detected)
12:11:22.216 [AsyncHttpClient-1-2] DEBUG io.netty.buffer.AbstractByteBuf - -Dio.netty.buffer.checkAccessible: true
12:11:22.216 [AsyncHttpClient-1-2] DEBUG io.netty.buffer.AbstractByteBuf - -Dio.netty.buffer.checkBounds: true
12:11:22.216 [AsyncHttpClient-1-2] DEBUG io.netty.util.ResourceLeakDetectorFactory - Loaded default ResourceLeakDetector: io.netty.util.ResourceLeakDetector@151695d8
12:11:22.243 [AsyncHttpClient-1-2] DEBUG io.netty.util.Recycler - -Dio.netty.recycler.maxCapacityPerThread: 4096
12:11:22.243 [AsyncHttpClient-1-2] DEBUG io.netty.util.Recycler - -Dio.netty.recycler.maxSharedCapacityFactor: 2
12:11:22.243 [AsyncHttpClient-1-2] DEBUG io.netty.util.Recycler - -Dio.netty.recycler.linkCapacity: 16
12:11:22.243 [AsyncHttpClient-1-2] DEBUG io.netty.util.Recycler - -Dio.netty.recycler.ratio: 8
12:11:22.243 [AsyncHttpClient-1-2] DEBUG io.netty.util.Recycler - -Dio.netty.recycler.delayedQueue.ratio: 8
12:11:22.819 [AsyncHttpClient-1-2] DEBUG io.netty.handler.codec.compression.Brotli - brotli4j not in the classpath; Brotli support will be unavailable.
12:11:22.933 [main] DEBUG io.netty.util.internal.ThreadLocalRandom - -Dio.netty.initialSeedUniquifier: 0xf5709b3d1188e63a
12:11:22.978 [main] INFO  testCases.TC_001_AccountRegistration - Launched Chrome Browser
12:11:23.003 [main] INFO  testCases.TC_001_AccountRegistration - *****Started TC_001_AccountRegistration*****
12:11:26.828 [main] INFO  testCases.TC_001_AccountRegistration - Home Page Displayed
12:11:26.977 [main] INFO  testCases.TC_001_AccountRegistration - Window Maximized
12:11:27.109 [main] INFO  testCases.TC_001_AccountRegistration - Clicked on My Account link
12:11:28.641 [main] INFO  testCases.TC_001_AccountRegistration - Clicked on Register link
12:11:28.748 [main] INFO  testCases.TC_001_AccountRegistration - Entered First Name
12:11:28.827 [main] INFO  testCases.TC_001_AccountRegistration - Entered Last Name
12:11:28.927 [main] INFO  testCases.TC_001_AccountRegistration - Entered Email
12:11:29.020 [main] INFO  testCases.TC_001_AccountRegistration - Entered Telephone Number
12:11:29.113 [main] INFO  testCases.TC_001_AccountRegistration - Entered Password
12:11:29.214 [main] INFO  testCases.TC_001_AccountRegistration - Entered Confirm Password
12:11:29.296 [main] INFO  testCases.TC_001_AccountRegistration - Checked Privacy policy
12:11:31.740 [main] INFO  testCases.TC_001_AccountRegistration - Clicked Continue button
12:11:31.791 [main] INFO  testCases.TC_001_AccountRegistration - Account  Successfully registered
12:11:31.792 [main] INFO  testCases.TC_001_AccountRegistration - *****Finished TC_001_AccountRegistration*****
12:11:33.326 [main] INFO  testCases.TC_002_Login - Launched Chrome Browser
12:11:33.334 [main] INFO  testCases.TC_002_Login - *****Started TC_002_Login*****
12:11:37.296 [main] INFO  testCases.TC_002_Login - Home Page Displayed
12:11:37.428 [main] INFO  testCases.TC_002_Login - Window Maximized
12:11:37.490 [main] INFO  testCases.TC_002_Login - Clicked on My Account link on Home page
12:11:38.725 [main] INFO  testCases.TC_002_Login - Clicked on Login on Home Page
12:11:38.853 [main] INFO  testCases.TC_002_Login - Entered email on Login Page
12:11:38.937 [main] INFO  testCases.TC_002_Login - Entered Password on Login Page
12:11:41.677 [main] INFO  testCases.TC_002_Login - Clicked login button on Login Page
12:11:41.740 [main] INFO  testCases.TC_002_Login - Login is successful
12:11:41.744 [main] INFO  testCases.TC_002_Login - Finished TC_002_Login
12:11:43.311 [main] INFO  testCases.TC_003_LoginDDT - Launched Chrome Browser
12:11:43.632 [main] WARN  org.apache.poi.util.XMLHelper - SAX Feature unsupported [log suppressed for 5 minutes]http://javax.xml.XMLConstants/property/accessExternalSchema
java.lang.IllegalArgumentException: Property 'http://javax.xml.XMLConstants/property/accessExternalSchema' is not recognized.
	at org.apache.xerces.jaxp.DocumentBuilderFactoryImpl.setAttribute(Unknown Source) ~[xercesImpl-2.11.0.jar:?]
	at org.apache.poi.util.XMLHelper.trySet(XMLHelper.java:284) ~[poi-5.1.0.jar:5.1.0]
	at org.apache.poi.util.XMLHelper.getDocumentBuilderFactory(XMLHelper.java:114) ~[poi-5.1.0.jar:5.1.0]
	at org.apache.poi.util.XMLHelper.<clinit>(XMLHelper.java:85) ~[poi-5.1.0.jar:5.1.0]
	at org.apache.poi.ooxml.util.DocumentHelper.newDocumentBuilder(DocumentHelper.java:47) ~[poi-ooxml-5.1.0.jar:5.1.0]
	at org.apache.poi.ooxml.util.DocumentHelper.<clinit>(DocumentHelper.java:36) ~[poi-ooxml-5.1.0.jar:5.1.0]
	at org.apache.poi.openxml4j.opc.internal.ContentTypeManager.parseContentTypesFile(ContentTypeManager.java:393) ~[poi-ooxml-5.1.0.jar:5.1.0]
	at org.apache.poi.openxml4j.opc.internal.ContentTypeManager.<init>(ContentTypeManager.java:102) ~[poi-ooxml-5.1.0.jar:5.1.0]
	at org.apache.poi.openxml4j.opc.internal.ZipContentTypeManager.<init>(ZipContentTypeManager.java:53) ~[poi-ooxml-5.1.0.jar:5.1.0]
	at org.apache.poi.openxml4j.opc.ZipPackage.getPartsImpl(ZipPackage.java:282) ~[poi-ooxml-5.1.0.jar:5.1.0]
	at org.apache.poi.openxml4j.opc.OPCPackage.getParts(OPCPackage.java:740) ~[poi-ooxml-5.1.0.jar:5.1.0]
	at org.apache.poi.openxml4j.opc.OPCPackage.open(OPCPackage.java:315) ~[poi-ooxml-5.1.0.jar:5.1.0]
	at org.apache.poi.ooxml.util.PackageHelper.open(PackageHelper.java:47) ~[poi-ooxml-5.1.0.jar:5.1.0]
	at org.apache.poi.xssf.usermodel.XSSFWorkbook.<init>(XSSFWorkbook.java:296) ~[poi-ooxml-5.1.0.jar:5.1.0]
	at utilities.XLUtility.getRowCount(XLUtility.java:36) ~[test-classes/:?]
	at utilities.ExcelDataProvider.getData(ExcelDataProvider.java:15) ~[test-classes/:?]
	at sun.reflect.NativeMethodAccessorImpl.invoke0(Native Method) ~[?:1.8.0_311]
	at sun.reflect.NativeMethodAccessorImpl.invoke(NativeMethodAccessorImpl.java:62) ~[?:1.8.0_311]
	at sun.reflect.DelegatingMethodAccessorImpl.invoke(DelegatingMethodAccessorImpl.java:43) ~[?:1.8.0_311]
	at java.lang.reflect.Method.invoke(Method.java:498) ~[?:1.8.0_311]
	at org.testng.internal.MethodInvocationHelper.invokeMethod(MethodInvocationHelper.java:133) ~[testng-7.4.0.jar:7.4.0]
	at org.testng.internal.MethodInvocationHelper.invokeMethod(MethodInvocationHelper.java:77) ~[testng-7.4.0.jar:7.4.0]
	at org.testng.internal.MethodInvocationHelper.invokeMethodNoCheckedException(MethodInvocationHelper.java:46) ~[testng-7.4.0.jar:7.4.0]
	at org.testng.internal.MethodInvocationHelper.invokeDataProvider(MethodInvocationHelper.java:146) ~[testng-7.4.0.jar:7.4.0]
	at org.testng.internal.Parameters.handleParameters(Parameters.java:798) ~[testng-7.4.0.jar:7.4.0]
	at org.testng.internal.Parameters.handleParameters(Parameters.java:740) ~[testng-7.4.0.jar:7.4.0]
	at org.testng.internal.ParameterHandler.handleParameters(ParameterHandler.java:59) ~[testng-7.4.0.jar:7.4.0]
	at org.testng.internal.ParameterHandler.createParameters(ParameterHandler.java:38) ~[testng-7.4.0.jar:7.4.0]
	at org.testng.internal.TestInvoker$MethodInvocationAgent.invoke(TestInvoker.java:791) ~[testng-7.4.0.jar:7.4.0]
	at org.testng.internal.TestInvoker.invokeTestMethods(TestInvoker.java:146) ~[testng-7.4.0.jar:7.4.0]
	at org.testng.internal.TestMethodWorker.invokeTestMethods(TestMethodWorker.java:146) ~[testng-7.4.0.jar:7.4.0]
	at org.testng.internal.TestMethodWorker.run(TestMethodWorker.java:128) ~[testng-7.4.0.jar:7.4.0]
	at java.util.ArrayList.forEach(ArrayList.java:1259) [?:1.8.0_311]
	at org.testng.TestRunner.privateRun(TestRunner.java:794) [testng-7.4.0.jar:7.4.0]
	at org.testng.TestRunner.run(TestRunner.java:596) [testng-7.4.0.jar:7.4.0]
	at org.testng.SuiteRunner.runTest(SuiteRunner.java:377) [testng-7.4.0.jar:7.4.0]
	at org.testng.SuiteRunner.runSequentially(SuiteRunner.java:371) [testng-7.4.0.jar:7.4.0]
	at org.testng.SuiteRunner.privateRun(SuiteRunner.java:332) [testng-7.4.0.jar:7.4.0]
	at org.testng.SuiteRunner.run(SuiteRunner.java:276) [testng-7.4.0.jar:7.4.0]
	at org.testng.SuiteRunnerWorker.runSuite(SuiteRunnerWorker.java:53) [testng-7.4.0.jar:7.4.0]
	at org.testng.SuiteRunnerWorker.run(SuiteRunnerWorker.java:96) [testng-7.4.0.jar:7.4.0]
	at org.testng.TestNG.runSuitesSequentially(TestNG.java:1212) [testng-7.4.0.jar:7.4.0]
	at org.testng.TestNG.runSuitesLocally(TestNG.java:1134) [testng-7.4.0.jar:7.4.0]
	at org.testng.TestNG.runSuites(TestNG.java:1063) [testng-7.4.0.jar:7.4.0]
	at org.testng.TestNG.run(TestNG.java:1031) [testng-7.4.0.jar:7.4.0]
	at org.apache.maven.surefire.testng.TestNGExecutor.run(TestNGExecutor.java:284) [surefire-testng-3.0.0-M5.jar:3.0.0-M5]
	at org.apache.maven.surefire.testng.TestNGXmlTestSuite.execute(TestNGXmlTestSuite.java:75) [surefire-testng-3.0.0-M5.jar:3.0.0-M5]
	at org.apache.maven.surefire.testng.TestNGProvider.invoke(TestNGProvider.java:119) [surefire-testng-3.0.0-M5.jar:3.0.0-M5]
	at org.apache.maven.surefire.booter.ForkedBooter.runSuitesInProcess(ForkedBooter.java:428) [surefire-booter-3.0.0-M5.jar:3.0.0-M5]
	at org.apache.maven.surefire.booter.ForkedBooter.execute(ForkedBooter.java:162) [surefire-booter-3.0.0-M5.jar:3.0.0-M5]
	at org.apache.maven.surefire.booter.ForkedBooter.run(ForkedBooter.java:562) [surefire-booter-3.0.0-M5.jar:3.0.0-M5]
	at org.apache.maven.surefire.booter.ForkedBooter.main(ForkedBooter.java:548) [surefire-booter-3.0.0-M5.jar:3.0.0-M5]
12:11:43.685 [main] DEBUG org.apache.poi.openxml4j.opc.PackageRelationshipCollection - Parsing relationship: /xl/_rels/workbook.xml.rels
12:11:43.690 [main] DEBUG org.apache.poi.openxml4j.opc.PackageRelationshipCollection - Parsing relationship: /xl/worksheets/_rels/sheet1.xml.rels
12:11:43.692 [main] DEBUG org.apache.poi.openxml4j.opc.PackageRelationshipCollection - Parsing relationship: /xl/worksheets/_rels/sheet2.xml.rels
12:11:43.695 [main] DEBUG org.apache.poi.openxml4j.opc.PackageRelationshipCollection - Parsing relationship: /_rels/.rels
12:11:43.954 [main] TRACE org.apache.xmlbeans.impl.common.XBeanDebug - Loading type system org.apache.poi.schemas.ooxml.system.ooxml
12:11:43.959 [main] TRACE org.apache.xmlbeans.impl.common.XBeanDebug - Loading type system org.apache.xmlbeans.metadata.system.sXMLCONFIG
12:11:43.961 [main] TRACE org.apache.xmlbeans.impl.common.XBeanDebug - Loading type system org.apache.xmlbeans.metadata.system.sXMLLANG
12:11:43.963 [main] TRACE org.apache.xmlbeans.impl.common.XBeanDebug - Loading type system org.apache.xmlbeans.metadata.system.sXMLSCHEMA
12:11:43.965 [main] TRACE org.apache.xmlbeans.impl.common.XBeanDebug - Loading type system org.apache.xmlbeans.metadata.system.sXMLTOOLS
12:11:43.967 [main] TRACE org.apache.xmlbeans.impl.common.XBeanDebug - Reading unresolved handles for type system org.apache.xmlbeans.metadata.system.sXMLTOOLS
12:11:43.985 [main] TRACE org.apache.xmlbeans.impl.common.XBeanDebug - Finished loading type system org.apache.xmlbeans.metadata.system.sXMLTOOLS
12:11:43.986 [main] TRACE org.apache.xmlbeans.impl.common.XBeanDebug - Reading unresolved handles for type system org.apache.xmlbeans.metadata.system.sXMLSCHEMA
12:11:43.991 [main] TRACE org.apache.xmlbeans.impl.common.XBeanDebug - Finished loading type system org.apache.xmlbeans.metadata.system.sXMLSCHEMA
12:11:43.992 [main] TRACE org.apache.xmlbeans.impl.common.XBeanDebug - Reading unresolved handles for type system org.apache.xmlbeans.metadata.system.sXMLLANG
12:11:43.993 [main] TRACE org.apache.xmlbeans.impl.common.XBeanDebug - Finished loading type system org.apache.xmlbeans.metadata.system.sXMLLANG
12:11:43.994 [main] TRACE org.apache.xmlbeans.impl.common.XBeanDebug - Reading unresolved handles for type system org.apache.xmlbeans.metadata.system.sXMLCONFIG
12:11:43.995 [main] TRACE org.apache.xmlbeans.impl.common.XBeanDebug - Finished loading type system org.apache.xmlbeans.metadata.system.sXMLCONFIG
12:11:43.997 [main] TRACE org.apache.xmlbeans.impl.common.XBeanDebug - Reading unresolved handles for type system org.apache.poi.schemas.ooxml.system.ooxml
12:11:44.057 [main] TRACE org.apache.xmlbeans.impl.common.XBeanDebug - Finished loading type system org.apache.poi.schemas.ooxml.system.ooxml
12:11:44.058 [main] TRACE org.apache.xmlbeans.impl.common.XBeanDebug - Resolving type for handle themefd26doctype
12:11:44.134 [main] TRACE org.apache.xmlbeans.impl.common.XBeanDebug - Resolving type for handle stylesheet5d8bdoctype
12:11:44.140 [main] TRACE org.apache.xmlbeans.impl.common.XBeanDebug - Resolving type for handle ctstylesheet4257type
12:11:44.146 [main] TRACE org.apache.xmlbeans.impl.common.XBeanDebug - Resolving type for handle ctfonts6623type
12:11:44.150 [main] TRACE org.apache.xmlbeans.impl.common.XBeanDebug - Resolving type for handle ctfont14d8type
12:11:44.158 [main] TRACE org.apache.xmlbeans.impl.common.XBeanDebug - Resolving type for handle ctfills2c6ftype
12:11:44.161 [main] TRACE org.apache.xmlbeans.impl.common.XBeanDebug - Resolving type for handle ctfill550ctype
12:11:44.164 [main] TRACE org.apache.xmlbeans.impl.common.XBeanDebug - Resolving type for handle ctborders0d66type
12:11:44.167 [main] TRACE org.apache.xmlbeans.impl.common.XBeanDebug - Resolving type for handle ctborderf935type
12:11:44.171 [main] TRACE org.apache.xmlbeans.impl.common.XBeanDebug - Resolving type for handle ctcellxfs1322type
12:11:44.174 [main] TRACE org.apache.xmlbeans.impl.common.XBeanDebug - Resolving type for handle ctxf97f7type
12:11:44.178 [main] TRACE org.apache.xmlbeans.impl.common.XBeanDebug - Resolving type for handle ctcellstylexfsa81ftype
12:11:44.181 [main] TRACE org.apache.xmlbeans.impl.common.XBeanDebug - Resolving type for handle ctdxfsb26atype
12:11:44.184 [main] TRACE org.apache.xmlbeans.impl.common.XBeanDebug - Resolving type for handle cttablestyles872ftype
12:11:44.188 [main] TRACE org.apache.xmlbeans.impl.common.XBeanDebug - Resolving type for handle sstf81fdoctype
12:11:44.193 [main] TRACE org.apache.xmlbeans.impl.common.XBeanDebug - Resolving type for handle ctsst44f3type
12:11:44.204 [main] TRACE org.apache.xmlbeans.impl.common.XBeanDebug - Resolving type for handle ctrsta472type
12:11:44.227 [main] DEBUG org.apache.poi.ooxml.POIXMLFactory - using default POIXMLDocumentPart for http://schemas.openxmlformats.org/officeDocument/2006/relationships/printerSettings
12:11:44.228 [main] TRACE org.apache.xmlbeans.impl.common.XBeanDebug - Resolving type for handle workbookec17doctype
12:11:44.234 [main] TRACE org.apache.xmlbeans.impl.common.XBeanDebug - Resolving type for handle ctworkbook83c3type
12:11:44.240 [main] TRACE org.apache.xmlbeans.impl.common.XBeanDebug - Resolving type for handle ctsheets49fdtype
12:11:44.243 [main] TRACE org.apache.xmlbeans.impl.common.XBeanDebug - Resolving type for handle ctsheet4dbetype
12:11:44.245 [main] TRACE org.apache.xmlbeans.impl.common.XBeanDebug - Resolving type for handle strelationshipid1e94type
12:11:44.248 [main] TRACE org.apache.xmlbeans.impl.common.XBeanDebug - Resolving type for handle worksheetf539doctype
12:11:44.254 [main] TRACE org.apache.xmlbeans.impl.common.XBeanDebug - Resolving type for handle ctworksheet530dtype
12:11:44.261 [main] TRACE org.apache.xmlbeans.impl.common.XBeanDebug - Resolving type for handle ctsheetdata8408type
12:11:44.264 [main] TRACE org.apache.xmlbeans.impl.common.XBeanDebug - Resolving type for handle ctrowdd39type
12:11:44.270 [main] TRACE org.apache.xmlbeans.impl.common.XBeanDebug - Resolving type for handle ctcell842btype
12:11:44.279 [main] TRACE org.apache.xmlbeans.impl.common.XBeanDebug - Resolving type for handle stcellrefe4e0type
12:11:44.288 [main] TRACE org.apache.xmlbeans.impl.common.XBeanDebug - Resolving type for handle ctcols627ctype
12:11:44.294 [main] TRACE org.apache.xmlbeans.impl.common.XBeanDebug - Resolving type for handle ctcola95ftype
12:11:44.312 [main] TRACE org.apache.xmlbeans.impl.common.XBeanDebug - Resolving type for handle cthyperlinks6416type
12:11:44.315 [main] TRACE org.apache.xmlbeans.impl.common.XBeanDebug - Resolving type for handle cthyperlink0c85type
12:11:44.329 [main] TRACE org.apache.xmlbeans.impl.common.XBeanDebug - Resolving type for handle stxstringf179type
12:11:44.337 [main] DEBUG org.apache.poi.openxml4j.opc.PackageRelationshipCollection - Parsing relationship: /xl/_rels/workbook.xml.rels
12:11:44.339 [main] DEBUG org.apache.poi.openxml4j.opc.PackageRelationshipCollection - Parsing relationship: /xl/worksheets/_rels/sheet1.xml.rels
12:11:44.341 [main] DEBUG org.apache.poi.openxml4j.opc.PackageRelationshipCollection - Parsing relationship: /xl/worksheets/_rels/sheet2.xml.rels
12:11:44.342 [main] DEBUG org.apache.poi.openxml4j.opc.PackageRelationshipCollection - Parsing relationship: /_rels/.rels
12:11:44.360 [main] DEBUG org.apache.poi.ooxml.POIXMLFactory - using default POIXMLDocumentPart for http://schemas.openxmlformats.org/officeDocument/2006/relationships/printerSettings
12:11:44.382 [main] DEBUG org.apache.poi.openxml4j.opc.PackageRelationshipCollection - Parsing relationship: /xl/_rels/workbook.xml.rels
12:11:44.383 [main] DEBUG org.apache.poi.openxml4j.opc.PackageRelationshipCollection - Parsing relationship: /xl/worksheets/_rels/sheet1.xml.rels
12:11:44.385 [main] DEBUG org.apache.poi.openxml4j.opc.PackageRelationshipCollection - Parsing relationship: /xl/worksheets/_rels/sheet2.xml.rels
12:11:44.387 [main] DEBUG org.apache.poi.openxml4j.opc.PackageRelationshipCollection - Parsing relationship: /_rels/.rels
12:11:44.402 [main] DEBUG org.apache.poi.ooxml.POIXMLFactory - using default POIXMLDocumentPart for http://schemas.openxmlformats.org/officeDocument/2006/relationships/printerSettings
12:11:44.417 [main] TRACE org.apache.xmlbeans.impl.common.XBeanDebug - Resolving type for handle stcelltypebf95type
12:11:44.431 [main] DEBUG org.apache.poi.openxml4j.opc.PackageRelationshipCollection - Parsing relationship: /xl/_rels/workbook.xml.rels
12:11:44.432 [main] DEBUG org.apache.poi.openxml4j.opc.PackageRelationshipCollection - Parsing relationship: /xl/worksheets/_rels/sheet1.xml.rels
12:11:44.434 [main] DEBUG org.apache.poi.openxml4j.opc.PackageRelationshipCollection - Parsing relationship: /xl/worksheets/_rels/sheet2.xml.rels
12:11:44.435 [main] DEBUG org.apache.poi.openxml4j.opc.PackageRelationshipCollection - Parsing relationship: /_rels/.rels
12:11:44.448 [main] DEBUG org.apache.poi.ooxml.POIXMLFactory - using default POIXMLDocumentPart for http://schemas.openxmlformats.org/officeDocument/2006/relationships/printerSettings
12:11:44.467 [main] DEBUG org.apache.poi.openxml4j.opc.PackageRelationshipCollection - Parsing relationship: /xl/_rels/workbook.xml.rels
12:11:44.468 [main] DEBUG org.apache.poi.openxml4j.opc.PackageRelationshipCollection - Parsing relationship: /xl/worksheets/_rels/sheet1.xml.rels
12:11:44.470 [main] DEBUG org.apache.poi.openxml4j.opc.PackageRelationshipCollection - Parsing relationship: /xl/worksheets/_rels/sheet2.xml.rels
12:11:44.471 [main] DEBUG org.apache.poi.openxml4j.opc.PackageRelationshipCollection - Parsing relationship: /_rels/.rels
12:11:44.483 [main] DEBUG org.apache.poi.ooxml.POIXMLFactory - using default POIXMLDocumentPart for http://schemas.openxmlformats.org/officeDocument/2006/relationships/printerSettings
12:11:44.502 [main] DEBUG org.apache.poi.openxml4j.opc.PackageRelationshipCollection - Parsing relationship: /xl/_rels/workbook.xml.rels
12:11:44.505 [main] DEBUG org.apache.poi.openxml4j.opc.PackageRelationshipCollection - Parsing relationship: /xl/worksheets/_rels/sheet1.xml.rels
12:11:44.506 [main] DEBUG org.apache.poi.openxml4j.opc.PackageRelationshipCollection - Parsing relationship: /xl/worksheets/_rels/sheet2.xml.rels
12:11:44.507 [main] DEBUG org.apache.poi.openxml4j.opc.PackageRelationshipCollection - Parsing relationship: /_rels/.rels
12:11:44.520 [main] DEBUG org.apache.poi.ooxml.POIXMLFactory - using default POIXMLDocumentPart for http://schemas.openxmlformats.org/officeDocument/2006/relationships/printerSettings
12:11:44.539 [main] DEBUG org.apache.poi.openxml4j.opc.PackageRelationshipCollection - Parsing relationship: /xl/_rels/workbook.xml.rels
12:11:44.541 [main] DEBUG org.apache.poi.openxml4j.opc.PackageRelationshipCollection - Parsing relationship: /xl/worksheets/_rels/sheet1.xml.rels
12:11:44.542 [main] DEBUG org.apache.poi.openxml4j.opc.PackageRelationshipCollection - Parsing relationship: /xl/worksheets/_rels/sheet2.xml.rels
12:11:44.544 [main] DEBUG org.apache.poi.openxml4j.opc.PackageRelationshipCollection - Parsing relationship: /_rels/.rels
12:11:44.558 [main] DEBUG org.apache.poi.ooxml.POIXMLFactory - using default POIXMLDocumentPart for http://schemas.openxmlformats.org/officeDocument/2006/relationships/printerSettings
12:11:44.576 [main] DEBUG org.apache.poi.openxml4j.opc.PackageRelationshipCollection - Parsing relationship: /xl/_rels/workbook.xml.rels
12:11:44.578 [main] DEBUG org.apache.poi.openxml4j.opc.PackageRelationshipCollection - Parsing relationship: /xl/worksheets/_rels/sheet1.xml.rels
12:11:44.579 [main] DEBUG org.apache.poi.openxml4j.opc.PackageRelationshipCollection - Parsing relationship: /xl/worksheets/_rels/sheet2.xml.rels
12:11:44.581 [main] DEBUG org.apache.poi.openxml4j.opc.PackageRelationshipCollection - Parsing relationship: /_rels/.rels
12:11:44.594 [main] DEBUG org.apache.poi.ooxml.POIXMLFactory - using default POIXMLDocumentPart for http://schemas.openxmlformats.org/officeDocument/2006/relationships/printerSettings
12:11:44.613 [main] DEBUG org.apache.poi.openxml4j.opc.PackageRelationshipCollection - Parsing relationship: /xl/_rels/workbook.xml.rels
12:11:44.614 [main] DEBUG org.apache.poi.openxml4j.opc.PackageRelationshipCollection - Parsing relationship: /xl/worksheets/_rels/sheet1.xml.rels
12:11:44.616 [main] DEBUG org.apache.poi.openxml4j.opc.PackageRelationshipCollection - Parsing relationship: /xl/worksheets/_rels/sheet2.xml.rels
12:11:44.617 [main] DEBUG org.apache.poi.openxml4j.opc.PackageRelationshipCollection - Parsing relationship: /_rels/.rels
12:11:44.631 [main] DEBUG org.apache.poi.ooxml.POIXMLFactory - using default POIXMLDocumentPart for http://schemas.openxmlformats.org/officeDocument/2006/relationships/printerSettings
12:11:44.650 [main] DEBUG org.apache.poi.openxml4j.opc.PackageRelationshipCollection - Parsing relationship: /xl/_rels/workbook.xml.rels
12:11:44.651 [main] DEBUG org.apache.poi.openxml4j.opc.PackageRelationshipCollection - Parsing relationship: /xl/worksheets/_rels/sheet1.xml.rels
12:11:44.653 [main] DEBUG org.apache.poi.openxml4j.opc.PackageRelationshipCollection - Parsing relationship: /xl/worksheets/_rels/sheet2.xml.rels
12:11:44.655 [main] DEBUG org.apache.poi.openxml4j.opc.PackageRelationshipCollection - Parsing relationship: /_rels/.rels
12:11:44.671 [main] DEBUG org.apache.poi.ooxml.POIXMLFactory - using default POIXMLDocumentPart for http://schemas.openxmlformats.org/officeDocument/2006/relationships/printerSettings
12:11:44.692 [main] DEBUG org.apache.poi.openxml4j.opc.PackageRelationshipCollection - Parsing relationship: /xl/_rels/workbook.xml.rels
12:11:44.693 [main] DEBUG org.apache.poi.openxml4j.opc.PackageRelationshipCollection - Parsing relationship: /xl/worksheets/_rels/sheet1.xml.rels
12:11:44.695 [main] DEBUG org.apache.poi.openxml4j.opc.PackageRelationshipCollection - Parsing relationship: /xl/worksheets/_rels/sheet2.xml.rels
12:11:44.697 [main] DEBUG org.apache.poi.openxml4j.opc.PackageRelationshipCollection - Parsing relationship: /_rels/.rels
12:11:44.710 [main] DEBUG org.apache.poi.ooxml.POIXMLFactory - using default POIXMLDocumentPart for http://schemas.openxmlformats.org/officeDocument/2006/relationships/printerSettings
12:11:44.735 [main] INFO  testCases.TC_003_LoginDDT - *****Starting test_LoginDDT*****
12:11:49.528 [main] INFO  testCases.TC_003_LoginDDT - Home Page is displayed
12:11:49.751 [main] INFO  testCases.TC_003_LoginDDT - Clicked My Account
12:11:51.029 [main] INFO  testCases.TC_003_LoginDDT - Clicked on Login
12:11:51.191 [main] INFO  testCases.TC_003_LoginDDT - Entered email
12:11:51.310 [main] INFO  testCases.TC_003_LoginDDT - Entered password
12:11:53.898 [main] INFO  testCases.TC_003_LoginDDT - Clicked on login
12:11:53.970 [main] INFO  testCases.TC_003_LoginDDT - Login is successful
12:11:56.382 [main] INFO  testCases.TC_003_LoginDDT - *****Finished test_LoginDDT*****
12:11:56.384 [main] INFO  testCases.TC_003_LoginDDT - *****Starting test_LoginDDT*****
12:11:57.660 [main] INFO  testCases.TC_003_LoginDDT - Home Page is displayed
12:11:57.742 [main] INFO  testCases.TC_003_LoginDDT - Clicked My Account
12:11:58.991 [main] INFO  testCases.TC_003_LoginDDT - Clicked on Login
12:11:59.152 [main] INFO  testCases.TC_003_LoginDDT - Entered email
12:11:59.265 [main] INFO  testCases.TC_003_LoginDDT - Entered password
12:12:00.820 [main] INFO  testCases.TC_003_LoginDDT - Clicked on login
12:12:10.874 [main] INFO  testCases.TC_003_LoginDDT - Login is failed
12:12:10.874 [main] INFO  testCases.TC_003_LoginDDT - *****Finished test_LoginDDT*****
12:12:10.876 [main] INFO  testCases.TC_003_LoginDDT - *****Starting test_LoginDDT*****
12:12:12.359 [main] INFO  testCases.TC_003_LoginDDT - Home Page is displayed
12:12:12.442 [main] INFO  testCases.TC_003_LoginDDT - Clicked My Account
12:12:13.686 [main] INFO  testCases.TC_003_LoginDDT - Clicked on Login
12:12:13.817 [main] INFO  testCases.TC_003_LoginDDT - Entered email
12:12:13.907 [main] INFO  testCases.TC_003_LoginDDT - Entered password
12:12:16.603 [main] INFO  testCases.TC_003_LoginDDT - Clicked on login
12:12:16.644 [main] INFO  testCases.TC_003_LoginDDT - Login is successful
12:12:18.887 [main] INFO  testCases.TC_003_LoginDDT - *****Finished test_LoginDDT*****
12:12:19.825 [AsyncHttpClient-1-3] DEBUG io.netty.buffer.PoolThreadCache - Freed 2 thread-local buffer(s) from thread: AsyncHttpClient-1-3
12:12:19.825 [AsyncHttpClient-1-7] DEBUG io.netty.buffer.PoolThreadCache - Freed 3 thread-local buffer(s) from thread: AsyncHttpClient-1-7
12:12:19.825 [AsyncHttpClient-1-6] DEBUG io.netty.buffer.PoolThreadCache - Freed 2 thread-local buffer(s) from thread: AsyncHttpClient-1-6
12:12:19.825 [AsyncHttpClient-1-4] DEBUG io.netty.buffer.PoolThreadCache - Freed 3 thread-local buffer(s) from thread: AsyncHttpClient-1-4
13:06:06.028 [main] DEBUG io.netty.util.internal.logging.InternalLoggerFactory - Using Log4J2 as the default logging framework
13:06:06.035 [main] DEBUG io.netty.util.ResourceLeakDetector - -Dio.netty.leakDetection.level: simple
13:06:06.035 [main] DEBUG io.netty.util.ResourceLeakDetector - -Dio.netty.leakDetection.targetRecords: 4
13:06:06.039 [main] DEBUG io.netty.util.ResourceLeakDetectorFactory - Loaded default ResourceLeakDetector: io.netty.util.ResourceLeakDetector@6d868997
13:06:06.053 [main] DEBUG io.netty.util.internal.PlatformDependent0 - -Dio.netty.noUnsafe: false
13:06:06.053 [main] DEBUG io.netty.util.internal.PlatformDependent0 - Java version: 8
13:06:06.055 [main] DEBUG io.netty.util.internal.PlatformDependent0 - sun.misc.Unsafe.theUnsafe: available
13:06:06.056 [main] DEBUG io.netty.util.internal.PlatformDependent0 - sun.misc.Unsafe.copyMemory: available
13:06:06.056 [main] DEBUG io.netty.util.internal.PlatformDependent0 - java.nio.Buffer.address: available
13:06:06.056 [main] DEBUG io.netty.util.internal.PlatformDependent0 - direct buffer constructor: available
13:06:06.057 [main] DEBUG io.netty.util.internal.PlatformDependent0 - java.nio.Bits.unaligned: available, true
13:06:06.057 [main] DEBUG io.netty.util.internal.PlatformDependent0 - jdk.internal.misc.Unsafe.allocateUninitializedArray(int): unavailable prior to Java9
13:06:06.057 [main] DEBUG io.netty.util.internal.PlatformDependent0 - java.nio.DirectByteBuffer.<init>(long, int): available
13:06:06.057 [main] DEBUG io.netty.util.internal.PlatformDependent - sun.misc.Unsafe: available
13:06:06.057 [main] DEBUG io.netty.util.internal.PlatformDependent - -Dio.netty.tmpdir: C:\Users\vicky\AppData\Local\Temp (java.io.tmpdir)
13:06:06.057 [main] DEBUG io.netty.util.internal.PlatformDependent - -Dio.netty.bitMode: 64 (sun.arch.data.model)
13:06:06.058 [main] DEBUG io.netty.util.internal.PlatformDependent - Platform: Windows
13:06:06.058 [main] DEBUG io.netty.util.internal.PlatformDependent - -Dio.netty.maxDirectMemory: 1760034816 bytes
13:06:06.058 [main] DEBUG io.netty.util.internal.PlatformDependent - -Dio.netty.uninitializedArrayAllocationThreshold: -1
13:06:06.059 [main] DEBUG io.netty.util.internal.CleanerJava6 - java.nio.ByteBuffer.cleaner(): available
13:06:06.059 [main] DEBUG io.netty.util.internal.PlatformDependent - -Dio.netty.noPreferDirect: false
13:06:06.067 [main] DEBUG io.netty.util.internal.PlatformDependent - org.jctools-core.MpscChunkedArrayQueue: available
13:06:06.086 [main] DEBUG io.netty.util.internal.InternalThreadLocalMap - -Dio.netty.threadLocalMap.stringBuilder.initialSize: 1024
13:06:06.086 [main] DEBUG io.netty.util.internal.InternalThreadLocalMap - -Dio.netty.threadLocalMap.stringBuilder.maxSize: 4096
13:06:06.099 [main] DEBUG io.netty.handler.ssl.JdkSslContext - Default protocols (JDK): [TLSv1.2] 
13:06:06.100 [main] DEBUG io.netty.handler.ssl.JdkSslContext - Default cipher suites (JDK): [TLS_ECDHE_ECDSA_WITH_AES_256_GCM_SHA384, TLS_ECDHE_ECDSA_WITH_AES_128_GCM_SHA256, TLS_ECDHE_RSA_WITH_AES_128_GCM_SHA256, TLS_ECDHE_RSA_WITH_AES_256_GCM_SHA384, TLS_ECDHE_RSA_WITH_AES_128_CBC_SHA, TLS_ECDHE_RSA_WITH_AES_256_CBC_SHA, TLS_RSA_WITH_AES_128_GCM_SHA256, TLS_RSA_WITH_AES_128_CBC_SHA, TLS_RSA_WITH_AES_256_CBC_SHA, TLS_AES_128_GCM_SHA256, TLS_AES_256_GCM_SHA384]
13:06:06.127 [main] DEBUG io.netty.channel.MultithreadEventLoopGroup - -Dio.netty.eventLoopThreads: 16
13:06:06.136 [main] DEBUG io.netty.channel.nio.NioEventLoop - -Dio.netty.noKeySetOptimization: false
13:06:06.136 [main] DEBUG io.netty.channel.nio.NioEventLoop - -Dio.netty.selectorAutoRebuildThreshold: 512
13:06:06.145 [main] TRACE io.netty.channel.nio.NioEventLoop - instrumented a special java.util.Set into: sun.nio.ch.WindowsSelectorImpl@6a714237
13:06:06.147 [main] TRACE io.netty.channel.nio.NioEventLoop - instrumented a special java.util.Set into: sun.nio.ch.WindowsSelectorImpl@2e3a5237
13:06:06.148 [main] TRACE io.netty.channel.nio.NioEventLoop - instrumented a special java.util.Set into: sun.nio.ch.WindowsSelectorImpl@4ebadd3d
13:06:06.149 [main] TRACE io.netty.channel.nio.NioEventLoop - instrumented a special java.util.Set into: sun.nio.ch.WindowsSelectorImpl@6ac97b84
13:06:06.150 [main] TRACE io.netty.channel.nio.NioEventLoop - instrumented a special java.util.Set into: sun.nio.ch.WindowsSelectorImpl@4917d36b
13:06:06.151 [main] TRACE io.netty.channel.nio.NioEventLoop - instrumented a special java.util.Set into: sun.nio.ch.WindowsSelectorImpl@35c09b94
13:06:06.152 [main] TRACE io.netty.channel.nio.NioEventLoop - instrumented a special java.util.Set into: sun.nio.ch.WindowsSelectorImpl@2d0bfb24
13:06:06.153 [main] TRACE io.netty.channel.nio.NioEventLoop - instrumented a special java.util.Set into: sun.nio.ch.WindowsSelectorImpl@c3fa05a
13:06:06.154 [main] TRACE io.netty.channel.nio.NioEventLoop - instrumented a special java.util.Set into: sun.nio.ch.WindowsSelectorImpl@7b44b63d
13:06:06.155 [main] TRACE io.netty.channel.nio.NioEventLoop - instrumented a special java.util.Set into: sun.nio.ch.WindowsSelectorImpl@4a699efa
13:06:06.155 [main] TRACE io.netty.channel.nio.NioEventLoop - instrumented a special java.util.Set into: sun.nio.ch.WindowsSelectorImpl@38499e48
13:06:06.156 [main] TRACE io.netty.channel.nio.NioEventLoop - instrumented a special java.util.Set into: sun.nio.ch.WindowsSelectorImpl@4905c46b
13:06:06.157 [main] TRACE io.netty.channel.nio.NioEventLoop - instrumented a special java.util.Set into: sun.nio.ch.WindowsSelectorImpl@17ae7628
13:06:06.158 [main] TRACE io.netty.channel.nio.NioEventLoop - instrumented a special java.util.Set into: sun.nio.ch.WindowsSelectorImpl@1136b469
13:06:06.159 [main] TRACE io.netty.channel.nio.NioEventLoop - instrumented a special java.util.Set into: sun.nio.ch.WindowsSelectorImpl@6579c3d9
13:06:06.160 [main] TRACE io.netty.channel.nio.NioEventLoop - instrumented a special java.util.Set into: sun.nio.ch.WindowsSelectorImpl@2b87581
13:06:06.181 [main] DEBUG io.netty.buffer.PooledByteBufAllocator - -Dio.netty.allocator.numHeapArenas: 16
13:06:06.182 [main] DEBUG io.netty.buffer.PooledByteBufAllocator - -Dio.netty.allocator.numDirectArenas: 16
13:06:06.182 [main] DEBUG io.netty.buffer.PooledByteBufAllocator - -Dio.netty.allocator.pageSize: 8192
13:06:06.182 [main] DEBUG io.netty.buffer.PooledByteBufAllocator - -Dio.netty.allocator.maxOrder: 11
13:06:06.182 [main] DEBUG io.netty.buffer.PooledByteBufAllocator - -Dio.netty.allocator.chunkSize: 16777216
13:06:06.182 [main] DEBUG io.netty.buffer.PooledByteBufAllocator - -Dio.netty.allocator.smallCacheSize: 256
13:06:06.182 [main] DEBUG io.netty.buffer.PooledByteBufAllocator - -Dio.netty.allocator.normalCacheSize: 64
13:06:06.182 [main] DEBUG io.netty.buffer.PooledByteBufAllocator - -Dio.netty.allocator.maxCachedBufferCapacity: 32768
13:06:06.182 [main] DEBUG io.netty.buffer.PooledByteBufAllocator - -Dio.netty.allocator.cacheTrimInterval: 8192
13:06:06.182 [main] DEBUG io.netty.buffer.PooledByteBufAllocator - -Dio.netty.allocator.cacheTrimIntervalMillis: 0
13:06:06.182 [main] DEBUG io.netty.buffer.PooledByteBufAllocator - -Dio.netty.allocator.useCacheForAllThreads: true
13:06:06.182 [main] DEBUG io.netty.buffer.PooledByteBufAllocator - -Dio.netty.allocator.maxCachedByteBuffersPerChunk: 1023
13:06:06.194 [main] DEBUG io.netty.buffer.ByteBufUtil - -Dio.netty.allocator.type: pooled
13:06:06.194 [main] DEBUG io.netty.buffer.ByteBufUtil - -Dio.netty.threadLocalDirectBufferSize: 0
13:06:06.194 [main] DEBUG io.netty.buffer.ByteBufUtil - -Dio.netty.maxThreadLocalCharBufferSize: 16384
13:06:07.053 [Forwarding newSession on session null to remote] DEBUG io.netty.channel.DefaultChannelId - -Dio.netty.processId: 6812 (auto-detected)
13:06:07.056 [Forwarding newSession on session null to remote] DEBUG io.netty.util.NetUtil - -Djava.net.preferIPv4Stack: false
13:06:07.056 [Forwarding newSession on session null to remote] DEBUG io.netty.util.NetUtil - -Djava.net.preferIPv6Addresses: false
13:06:07.144 [Forwarding newSession on session null to remote] DEBUG io.netty.util.NetUtilInitializations - Loopback interface: lo (Software Loopback Interface 1, 127.0.0.1)
13:06:07.146 [Forwarding newSession on session null to remote] DEBUG io.netty.util.NetUtil - Failed to get SOMAXCONN from sysctl and file \proc\sys\net\core\somaxconn. Default: 200
13:06:07.243 [Forwarding newSession on session null to remote] DEBUG io.netty.channel.DefaultChannelId - -Dio.netty.machineId: 74:4c:a1:ff:fe:ad:cd:97 (auto-detected)
13:06:07.299 [AsyncHttpClient-1-2] DEBUG io.netty.buffer.AbstractByteBuf - -Dio.netty.buffer.checkAccessible: true
13:06:07.299 [AsyncHttpClient-1-2] DEBUG io.netty.buffer.AbstractByteBuf - -Dio.netty.buffer.checkBounds: true
13:06:07.299 [AsyncHttpClient-1-2] DEBUG io.netty.util.ResourceLeakDetectorFactory - Loaded default ResourceLeakDetector: io.netty.util.ResourceLeakDetector@7ec548e
13:06:07.327 [AsyncHttpClient-1-2] DEBUG io.netty.util.Recycler - -Dio.netty.recycler.maxCapacityPerThread: 4096
13:06:07.327 [AsyncHttpClient-1-2] DEBUG io.netty.util.Recycler - -Dio.netty.recycler.maxSharedCapacityFactor: 2
13:06:07.327 [AsyncHttpClient-1-2] DEBUG io.netty.util.Recycler - -Dio.netty.recycler.linkCapacity: 16
13:06:07.327 [AsyncHttpClient-1-2] DEBUG io.netty.util.Recycler - -Dio.netty.recycler.ratio: 8
13:06:07.327 [AsyncHttpClient-1-2] DEBUG io.netty.util.Recycler - -Dio.netty.recycler.delayedQueue.ratio: 8
13:06:08.081 [AsyncHttpClient-1-2] DEBUG io.netty.handler.codec.compression.Brotli - brotli4j not in the classpath; Brotli support will be unavailable.
13:06:08.282 [main] DEBUG io.netty.util.internal.ThreadLocalRandom - -Dio.netty.initialSeedUniquifier: 0x5ecd95b1651f3988
13:06:08.330 [main] INFO  testCases.TC_001_AccountRegistration - Launched Chrome Browser
13:06:08.357 [main] INFO  testCases.TC_001_AccountRegistration - *****Started TC_001_AccountRegistration*****
13:06:11.371 [main] INFO  testCases.TC_001_AccountRegistration - Home Page Displayed
13:06:11.508 [main] INFO  testCases.TC_001_AccountRegistration - Window Maximized
13:06:11.624 [main] INFO  testCases.TC_001_AccountRegistration - Clicked on My Account link
13:06:13.297 [main] INFO  testCases.TC_001_AccountRegistration - Clicked on Register link
13:06:13.443 [main] INFO  testCases.TC_001_AccountRegistration - Entered First Name
13:06:13.560 [main] INFO  testCases.TC_001_AccountRegistration - Entered Last Name
13:06:13.699 [main] INFO  testCases.TC_001_AccountRegistration - Entered Email
13:06:13.817 [main] INFO  testCases.TC_001_AccountRegistration - Entered Telephone Number
13:06:13.919 [main] INFO  testCases.TC_001_AccountRegistration - Entered Password
13:06:14.027 [main] INFO  testCases.TC_001_AccountRegistration - Entered Confirm Password
13:06:14.102 [main] INFO  testCases.TC_001_AccountRegistration - Checked Privacy policy
13:06:16.760 [main] INFO  testCases.TC_001_AccountRegistration - Clicked Continue button
13:06:16.817 [main] INFO  testCases.TC_001_AccountRegistration - Account  Successfully registered
13:06:16.817 [main] INFO  testCases.TC_001_AccountRegistration - *****Finished TC_001_AccountRegistration*****
13:06:18.424 [main] INFO  testCases.TC_002_Login - Launched Chrome Browser
13:06:18.430 [main] INFO  testCases.TC_002_Login - *****Started TC_002_Login*****
13:06:21.174 [main] INFO  testCases.TC_002_Login - Home Page Displayed
13:06:21.311 [main] INFO  testCases.TC_002_Login - Window Maximized
13:06:21.384 [main] INFO  testCases.TC_002_Login - Clicked on My Account link on Home page
13:06:23.035 [main] INFO  testCases.TC_002_Login - Clicked on Login on Home Page
13:06:23.153 [main] INFO  testCases.TC_002_Login - Entered email on Login Page
13:06:23.242 [main] INFO  testCases.TC_002_Login - Entered Password on Login Page
13:06:25.892 [main] INFO  testCases.TC_002_Login - Clicked login button on Login Page
13:06:25.959 [main] INFO  testCases.TC_002_Login - Login is successful
13:06:25.962 [main] INFO  testCases.TC_002_Login - Finished TC_002_Login
13:06:27.492 [main] INFO  testCases.TC_003_LoginDDT - Launched Chrome Browser
13:06:27.671 [main] WARN  org.apache.poi.util.XMLHelper - SAX Feature unsupported [log suppressed for 5 minutes]http://javax.xml.XMLConstants/property/accessExternalSchema
java.lang.IllegalArgumentException: Property 'http://javax.xml.XMLConstants/property/accessExternalSchema' is not recognized.
	at org.apache.xerces.jaxp.DocumentBuilderFactoryImpl.setAttribute(Unknown Source) ~[xercesImpl-2.11.0.jar:?]
	at org.apache.poi.util.XMLHelper.trySet(XMLHelper.java:284) ~[poi-5.1.0.jar:5.1.0]
	at org.apache.poi.util.XMLHelper.getDocumentBuilderFactory(XMLHelper.java:114) ~[poi-5.1.0.jar:5.1.0]
	at org.apache.poi.util.XMLHelper.<clinit>(XMLHelper.java:85) ~[poi-5.1.0.jar:5.1.0]
	at org.apache.poi.ooxml.util.DocumentHelper.newDocumentBuilder(DocumentHelper.java:47) ~[poi-ooxml-5.1.0.jar:5.1.0]
	at org.apache.poi.ooxml.util.DocumentHelper.<clinit>(DocumentHelper.java:36) ~[poi-ooxml-5.1.0.jar:5.1.0]
	at org.apache.poi.openxml4j.opc.internal.ContentTypeManager.parseContentTypesFile(ContentTypeManager.java:393) ~[poi-ooxml-5.1.0.jar:5.1.0]
	at org.apache.poi.openxml4j.opc.internal.ContentTypeManager.<init>(ContentTypeManager.java:102) ~[poi-ooxml-5.1.0.jar:5.1.0]
	at org.apache.poi.openxml4j.opc.internal.ZipContentTypeManager.<init>(ZipContentTypeManager.java:53) ~[poi-ooxml-5.1.0.jar:5.1.0]
	at org.apache.poi.openxml4j.opc.ZipPackage.getPartsImpl(ZipPackage.java:282) ~[poi-ooxml-5.1.0.jar:5.1.0]
	at org.apache.poi.openxml4j.opc.OPCPackage.getParts(OPCPackage.java:740) ~[poi-ooxml-5.1.0.jar:5.1.0]
	at org.apache.poi.openxml4j.opc.OPCPackage.open(OPCPackage.java:315) ~[poi-ooxml-5.1.0.jar:5.1.0]
	at org.apache.poi.ooxml.util.PackageHelper.open(PackageHelper.java:47) ~[poi-ooxml-5.1.0.jar:5.1.0]
	at org.apache.poi.xssf.usermodel.XSSFWorkbook.<init>(XSSFWorkbook.java:296) ~[poi-ooxml-5.1.0.jar:5.1.0]
	at utilities.XLUtility.getRowCount(XLUtility.java:36) ~[test-classes/:?]
	at utilities.ExcelDataProvider.getData(ExcelDataProvider.java:15) ~[test-classes/:?]
	at sun.reflect.NativeMethodAccessorImpl.invoke0(Native Method) ~[?:1.8.0_311]
	at sun.reflect.NativeMethodAccessorImpl.invoke(NativeMethodAccessorImpl.java:62) ~[?:1.8.0_311]
	at sun.reflect.DelegatingMethodAccessorImpl.invoke(DelegatingMethodAccessorImpl.java:43) ~[?:1.8.0_311]
	at java.lang.reflect.Method.invoke(Method.java:498) ~[?:1.8.0_311]
	at org.testng.internal.MethodInvocationHelper.invokeMethod(MethodInvocationHelper.java:133) ~[testng-7.4.0.jar:7.4.0]
	at org.testng.internal.MethodInvocationHelper.invokeMethod(MethodInvocationHelper.java:77) ~[testng-7.4.0.jar:7.4.0]
	at org.testng.internal.MethodInvocationHelper.invokeMethodNoCheckedException(MethodInvocationHelper.java:46) ~[testng-7.4.0.jar:7.4.0]
	at org.testng.internal.MethodInvocationHelper.invokeDataProvider(MethodInvocationHelper.java:146) ~[testng-7.4.0.jar:7.4.0]
	at org.testng.internal.Parameters.handleParameters(Parameters.java:798) ~[testng-7.4.0.jar:7.4.0]
	at org.testng.internal.Parameters.handleParameters(Parameters.java:740) ~[testng-7.4.0.jar:7.4.0]
	at org.testng.internal.ParameterHandler.handleParameters(ParameterHandler.java:59) ~[testng-7.4.0.jar:7.4.0]
	at org.testng.internal.ParameterHandler.createParameters(ParameterHandler.java:38) ~[testng-7.4.0.jar:7.4.0]
	at org.testng.internal.TestInvoker$MethodInvocationAgent.invoke(TestInvoker.java:791) ~[testng-7.4.0.jar:7.4.0]
	at org.testng.internal.TestInvoker.invokeTestMethods(TestInvoker.java:146) ~[testng-7.4.0.jar:7.4.0]
	at org.testng.internal.TestMethodWorker.invokeTestMethods(TestMethodWorker.java:146) ~[testng-7.4.0.jar:7.4.0]
	at org.testng.internal.TestMethodWorker.run(TestMethodWorker.java:128) ~[testng-7.4.0.jar:7.4.0]
	at java.util.ArrayList.forEach(ArrayList.java:1259) [?:1.8.0_311]
	at org.testng.TestRunner.privateRun(TestRunner.java:794) [testng-7.4.0.jar:7.4.0]
	at org.testng.TestRunner.run(TestRunner.java:596) [testng-7.4.0.jar:7.4.0]
	at org.testng.SuiteRunner.runTest(SuiteRunner.java:377) [testng-7.4.0.jar:7.4.0]
	at org.testng.SuiteRunner.runSequentially(SuiteRunner.java:371) [testng-7.4.0.jar:7.4.0]
	at org.testng.SuiteRunner.privateRun(SuiteRunner.java:332) [testng-7.4.0.jar:7.4.0]
	at org.testng.SuiteRunner.run(SuiteRunner.java:276) [testng-7.4.0.jar:7.4.0]
	at org.testng.SuiteRunnerWorker.runSuite(SuiteRunnerWorker.java:53) [testng-7.4.0.jar:7.4.0]
	at org.testng.SuiteRunnerWorker.run(SuiteRunnerWorker.java:96) [testng-7.4.0.jar:7.4.0]
	at org.testng.TestNG.runSuitesSequentially(TestNG.java:1212) [testng-7.4.0.jar:7.4.0]
	at org.testng.TestNG.runSuitesLocally(TestNG.java:1134) [testng-7.4.0.jar:7.4.0]
	at org.testng.TestNG.runSuites(TestNG.java:1063) [testng-7.4.0.jar:7.4.0]
	at org.testng.TestNG.run(TestNG.java:1031) [testng-7.4.0.jar:7.4.0]
	at org.apache.maven.surefire.testng.TestNGExecutor.run(TestNGExecutor.java:284) [surefire-testng-3.0.0-M5.jar:3.0.0-M5]
	at org.apache.maven.surefire.testng.TestNGXmlTestSuite.execute(TestNGXmlTestSuite.java:75) [surefire-testng-3.0.0-M5.jar:3.0.0-M5]
	at org.apache.maven.surefire.testng.TestNGProvider.invoke(TestNGProvider.java:119) [surefire-testng-3.0.0-M5.jar:3.0.0-M5]
	at org.apache.maven.surefire.booter.ForkedBooter.runSuitesInProcess(ForkedBooter.java:428) [surefire-booter-3.0.0-M5.jar:3.0.0-M5]
	at org.apache.maven.surefire.booter.ForkedBooter.execute(ForkedBooter.java:162) [surefire-booter-3.0.0-M5.jar:3.0.0-M5]
	at org.apache.maven.surefire.booter.ForkedBooter.run(ForkedBooter.java:562) [surefire-booter-3.0.0-M5.jar:3.0.0-M5]
	at org.apache.maven.surefire.booter.ForkedBooter.main(ForkedBooter.java:548) [surefire-booter-3.0.0-M5.jar:3.0.0-M5]
13:06:27.726 [main] DEBUG org.apache.poi.openxml4j.opc.PackageRelationshipCollection - Parsing relationship: /xl/_rels/workbook.xml.rels
13:06:27.730 [main] DEBUG org.apache.poi.openxml4j.opc.PackageRelationshipCollection - Parsing relationship: /xl/worksheets/_rels/sheet1.xml.rels
13:06:27.733 [main] DEBUG org.apache.poi.openxml4j.opc.PackageRelationshipCollection - Parsing relationship: /xl/worksheets/_rels/sheet2.xml.rels
13:06:27.735 [main] DEBUG org.apache.poi.openxml4j.opc.PackageRelationshipCollection - Parsing relationship: /_rels/.rels
13:06:28.002 [main] TRACE org.apache.xmlbeans.impl.common.XBeanDebug - Loading type system org.apache.poi.schemas.ooxml.system.ooxml
13:06:28.007 [main] TRACE org.apache.xmlbeans.impl.common.XBeanDebug - Loading type system org.apache.xmlbeans.metadata.system.sXMLCONFIG
13:06:28.008 [main] TRACE org.apache.xmlbeans.impl.common.XBeanDebug - Loading type system org.apache.xmlbeans.metadata.system.sXMLLANG
13:06:28.010 [main] TRACE org.apache.xmlbeans.impl.common.XBeanDebug - Loading type system org.apache.xmlbeans.metadata.system.sXMLSCHEMA
13:06:28.011 [main] TRACE org.apache.xmlbeans.impl.common.XBeanDebug - Loading type system org.apache.xmlbeans.metadata.system.sXMLTOOLS
13:06:28.013 [main] TRACE org.apache.xmlbeans.impl.common.XBeanDebug - Reading unresolved handles for type system org.apache.xmlbeans.metadata.system.sXMLTOOLS
13:06:28.031 [main] TRACE org.apache.xmlbeans.impl.common.XBeanDebug - Finished loading type system org.apache.xmlbeans.metadata.system.sXMLTOOLS
13:06:28.031 [main] TRACE org.apache.xmlbeans.impl.common.XBeanDebug - Reading unresolved handles for type system org.apache.xmlbeans.metadata.system.sXMLSCHEMA
13:06:28.037 [main] TRACE org.apache.xmlbeans.impl.common.XBeanDebug - Finished loading type system org.apache.xmlbeans.metadata.system.sXMLSCHEMA
13:06:28.038 [main] TRACE org.apache.xmlbeans.impl.common.XBeanDebug - Reading unresolved handles for type system org.apache.xmlbeans.metadata.system.sXMLLANG
13:06:28.039 [main] TRACE org.apache.xmlbeans.impl.common.XBeanDebug - Finished loading type system org.apache.xmlbeans.metadata.system.sXMLLANG
13:06:28.040 [main] TRACE org.apache.xmlbeans.impl.common.XBeanDebug - Reading unresolved handles for type system org.apache.xmlbeans.metadata.system.sXMLCONFIG
13:06:28.041 [main] TRACE org.apache.xmlbeans.impl.common.XBeanDebug - Finished loading type system org.apache.xmlbeans.metadata.system.sXMLCONFIG
13:06:28.042 [main] TRACE org.apache.xmlbeans.impl.common.XBeanDebug - Reading unresolved handles for type system org.apache.poi.schemas.ooxml.system.ooxml
